[2022-12-18 17:38:12,121] INFO [ReplicaFetcherManager on broker 2] Removed fetcher for partitions Set(__consumer_offsets-22, __consumer_offsets-4, __consumer_offsets-7, __consumer_offsets-46, __consumer_offsets-25, __consumer_offsets-49, __consumer_offsets-16, __consumer_offsets-28, __consumer_offsets-31, __consumer_offsets-37, __consumer_offsets-19, __consumer_offsets-13, __consumer_offsets-43, __consumer_offsets-1, __consumer_offsets-34, __consumer_offsets-10, __consumer_offsets-40) (kafka.server.ReplicaFetcherManager)
[2022-12-18 17:38:12,208] INFO [LogLoader partition=__consumer_offsets-10, dir=/tmp/kafka-logs-2] Loading producer state till offset 0 with message format version 2 (kafka.log.UnifiedLog$)
[2022-12-18 17:38:12,228] INFO Created log for partition __consumer_offsets-10 in /tmp/kafka-logs-2/__consumer_offsets-10 with properties {cleanup.policy=compact, compression.type="producer", segment.bytes=104857600} (kafka.log.LogManager)
[2022-12-18 17:38:12,246] INFO [Partition __consumer_offsets-10 broker=2] No checkpointed highwatermark is found for partition __consumer_offsets-10 (kafka.cluster.Partition)
[2022-12-18 17:38:12,261] INFO [Partition __consumer_offsets-10 broker=2] Log loaded for partition __consumer_offsets-10 with initial high watermark 0 (kafka.cluster.Partition)
[2022-12-18 17:38:12,373] INFO [LogLoader partition=__consumer_offsets-7, dir=/tmp/kafka-logs-2] Loading producer state till offset 0 with message format version 2 (kafka.log.UnifiedLog$)
[2022-12-18 17:38:12,390] INFO Created log for partition __consumer_offsets-7 in /tmp/kafka-logs-2/__consumer_offsets-7 with properties {cleanup.policy=compact, compression.type="producer", segment.bytes=104857600} (kafka.log.LogManager)
[2022-12-18 17:38:12,408] INFO [Partition __consumer_offsets-7 broker=2] No checkpointed highwatermark is found for partition __consumer_offsets-7 (kafka.cluster.Partition)
[2022-12-18 17:38:12,441] INFO [Partition __consumer_offsets-7 broker=2] Log loaded for partition __consumer_offsets-7 with initial high watermark 0 (kafka.cluster.Partition)
[2022-12-18 17:38:12,513] INFO [LogLoader partition=__consumer_offsets-4, dir=/tmp/kafka-logs-2] Loading producer state till offset 0 with message format version 2 (kafka.log.UnifiedLog$)
[2022-12-18 17:38:12,514] INFO Created log for partition __consumer_offsets-4 in /tmp/kafka-logs-2/__consumer_offsets-4 with properties {cleanup.policy=compact, compression.type="producer", segment.bytes=104857600} (kafka.log.LogManager)
[2022-12-18 17:38:12,533] INFO [Partition __consumer_offsets-4 broker=2] No checkpointed highwatermark is found for partition __consumer_offsets-4 (kafka.cluster.Partition)
[2022-12-18 17:38:12,550] INFO [Partition __consumer_offsets-4 broker=2] Log loaded for partition __consumer_offsets-4 with initial high watermark 0 (kafka.cluster.Partition)
[2022-12-18 17:38:12,643] INFO [LogLoader partition=__consumer_offsets-1, dir=/tmp/kafka-logs-2] Loading producer state till offset 0 with message format version 2 (kafka.log.UnifiedLog$)
[2022-12-18 17:38:12,661] INFO Created log for partition __consumer_offsets-1 in /tmp/kafka-logs-2/__consumer_offsets-1 with properties {cleanup.policy=compact, compression.type="producer", segment.bytes=104857600} (kafka.log.LogManager)
[2022-12-18 17:38:12,662] INFO [Partition __consumer_offsets-1 broker=2] No checkpointed highwatermark is found for partition __consumer_offsets-1 (kafka.cluster.Partition)
[2022-12-18 17:38:12,662] INFO [Partition __consumer_offsets-1 broker=2] Log loaded for partition __consumer_offsets-1 with initial high watermark 0 (kafka.cluster.Partition)
[2022-12-18 17:38:12,754] INFO [LogLoader partition=__consumer_offsets-49, dir=/tmp/kafka-logs-2] Loading producer state till offset 0 with message format version 2 (kafka.log.UnifiedLog$)
[2022-12-18 17:38:12,755] INFO Created log for partition __consumer_offsets-49 in /tmp/kafka-logs-2/__consumer_offsets-49 with properties {cleanup.policy=compact, compression.type="producer", segment.bytes=104857600} (kafka.log.LogManager)
[2022-12-18 17:38:12,772] INFO [Partition __consumer_offsets-49 broker=2] No checkpointed highwatermark is found for partition __consumer_offsets-49 (kafka.cluster.Partition)
[2022-12-18 17:38:12,772] INFO [Partition __consumer_offsets-49 broker=2] Log loaded for partition __consumer_offsets-49 with initial high watermark 0 (kafka.cluster.Partition)
[2022-12-18 17:38:12,881] INFO [LogLoader partition=__consumer_offsets-46, dir=/tmp/kafka-logs-2] Loading producer state till offset 0 with message format version 2 (kafka.log.UnifiedLog$)
[2022-12-18 17:38:12,885] INFO Created log for partition __consumer_offsets-46 in /tmp/kafka-logs-2/__consumer_offsets-46 with properties {cleanup.policy=compact, compression.type="producer", segment.bytes=104857600} (kafka.log.LogManager)
[2022-12-18 17:38:12,898] INFO [Partition __consumer_offsets-46 broker=2] No checkpointed highwatermark is found for partition __consumer_offsets-46 (kafka.cluster.Partition)
[2022-12-18 17:38:12,898] INFO [Partition __consumer_offsets-46 broker=2] Log loaded for partition __consumer_offsets-46 with initial high watermark 0 (kafka.cluster.Partition)
[2022-12-18 17:38:13,008] INFO [LogLoader partition=__consumer_offsets-43, dir=/tmp/kafka-logs-2] Loading producer state till offset 0 with message format version 2 (kafka.log.UnifiedLog$)
[2022-12-18 17:38:13,027] INFO Created log for partition __consumer_offsets-43 in /tmp/kafka-logs-2/__consumer_offsets-43 with properties {cleanup.policy=compact, compression.type="producer", segment.bytes=104857600} (kafka.log.LogManager)
[2022-12-18 17:38:13,045] INFO [Partition __consumer_offsets-43 broker=2] No checkpointed highwatermark is found for partition __consumer_offsets-43 (kafka.cluster.Partition)
[2022-12-18 17:38:13,046] INFO [Partition __consumer_offsets-43 broker=2] Log loaded for partition __consumer_offsets-43 with initial high watermark 0 (kafka.cluster.Partition)
[2022-12-18 17:38:13,121] INFO [LogLoader partition=__consumer_offsets-40, dir=/tmp/kafka-logs-2] Loading producer state till offset 0 with message format version 2 (kafka.log.UnifiedLog$)
[2022-12-18 17:38:13,139] INFO Created log for partition __consumer_offsets-40 in /tmp/kafka-logs-2/__consumer_offsets-40 with properties {cleanup.policy=compact, compression.type="producer", segment.bytes=104857600} (kafka.log.LogManager)
[2022-12-18 17:38:13,156] INFO [Partition __consumer_offsets-40 broker=2] No checkpointed highwatermark is found for partition __consumer_offsets-40 (kafka.cluster.Partition)
[2022-12-18 17:38:13,156] INFO [Partition __consumer_offsets-40 broker=2] Log loaded for partition __consumer_offsets-40 with initial high watermark 0 (kafka.cluster.Partition)
[2022-12-18 17:38:13,229] INFO [LogLoader partition=__consumer_offsets-37, dir=/tmp/kafka-logs-2] Loading producer state till offset 0 with message format version 2 (kafka.log.UnifiedLog$)
[2022-12-18 17:38:13,248] INFO Created log for partition __consumer_offsets-37 in /tmp/kafka-logs-2/__consumer_offsets-37 with properties {cleanup.policy=compact, compression.type="producer", segment.bytes=104857600} (kafka.log.LogManager)
[2022-12-18 17:38:13,265] INFO [Partition __consumer_offsets-37 broker=2] No checkpointed highwatermark is found for partition __consumer_offsets-37 (kafka.cluster.Partition)
[2022-12-18 17:38:13,265] INFO [Partition __consumer_offsets-37 broker=2] Log loaded for partition __consumer_offsets-37 with initial high watermark 0 (kafka.cluster.Partition)
[2022-12-18 17:38:13,359] INFO [LogLoader partition=__consumer_offsets-34, dir=/tmp/kafka-logs-2] Loading producer state till offset 0 with message format version 2 (kafka.log.UnifiedLog$)
[2022-12-18 17:38:13,361] INFO Created log for partition __consumer_offsets-34 in /tmp/kafka-logs-2/__consumer_offsets-34 with properties {cleanup.policy=compact, compression.type="producer", segment.bytes=104857600} (kafka.log.LogManager)
[2022-12-18 17:38:13,377] INFO [Partition __consumer_offsets-34 broker=2] No checkpointed highwatermark is found for partition __consumer_offsets-34 (kafka.cluster.Partition)
[2022-12-18 17:38:13,378] INFO [Partition __consumer_offsets-34 broker=2] Log loaded for partition __consumer_offsets-34 with initial high watermark 0 (kafka.cluster.Partition)
[2022-12-18 17:38:13,477] INFO [LogLoader partition=__consumer_offsets-31, dir=/tmp/kafka-logs-2] Loading producer state till offset 0 with message format version 2 (kafka.log.UnifiedLog$)
[2022-12-18 17:38:13,496] INFO Created log for partition __consumer_offsets-31 in /tmp/kafka-logs-2/__consumer_offsets-31 with properties {cleanup.policy=compact, compression.type="producer", segment.bytes=104857600} (kafka.log.LogManager)
[2022-12-18 17:38:13,497] INFO [Partition __consumer_offsets-31 broker=2] No checkpointed highwatermark is found for partition __consumer_offsets-31 (kafka.cluster.Partition)
[2022-12-18 17:38:13,514] INFO [Partition __consumer_offsets-31 broker=2] Log loaded for partition __consumer_offsets-31 with initial high watermark 0 (kafka.cluster.Partition)
[2022-12-18 17:38:13,609] INFO [LogLoader partition=__consumer_offsets-19, dir=/tmp/kafka-logs-2] Loading producer state till offset 0 with message format version 2 (kafka.log.UnifiedLog$)
[2022-12-18 17:38:13,610] INFO Created log for partition __consumer_offsets-19 in /tmp/kafka-logs-2/__consumer_offsets-19 with properties {cleanup.policy=compact, compression.type="producer", segment.bytes=104857600} (kafka.log.LogManager)
[2022-12-18 17:38:13,610] INFO [Partition __consumer_offsets-19 broker=2] No checkpointed highwatermark is found for partition __consumer_offsets-19 (kafka.cluster.Partition)
[2022-12-18 17:38:13,610] INFO [Partition __consumer_offsets-19 broker=2] Log loaded for partition __consumer_offsets-19 with initial high watermark 0 (kafka.cluster.Partition)
[2022-12-18 17:38:13,722] INFO [LogLoader partition=__consumer_offsets-28, dir=/tmp/kafka-logs-2] Loading producer state till offset 0 with message format version 2 (kafka.log.UnifiedLog$)
[2022-12-18 17:38:13,723] INFO Created log for partition __consumer_offsets-28 in /tmp/kafka-logs-2/__consumer_offsets-28 with properties {cleanup.policy=compact, compression.type="producer", segment.bytes=104857600} (kafka.log.LogManager)
[2022-12-18 17:38:13,723] INFO [Partition __consumer_offsets-28 broker=2] No checkpointed highwatermark is found for partition __consumer_offsets-28 (kafka.cluster.Partition)
[2022-12-18 17:38:13,724] INFO [Partition __consumer_offsets-28 broker=2] Log loaded for partition __consumer_offsets-28 with initial high watermark 0 (kafka.cluster.Partition)
[2022-12-18 17:38:13,788] INFO [LogLoader partition=__consumer_offsets-25, dir=/tmp/kafka-logs-2] Loading producer state till offset 0 with message format version 2 (kafka.log.UnifiedLog$)
[2022-12-18 17:38:13,807] INFO Created log for partition __consumer_offsets-25 in /tmp/kafka-logs-2/__consumer_offsets-25 with properties {cleanup.policy=compact, compression.type="producer", segment.bytes=104857600} (kafka.log.LogManager)
[2022-12-18 17:38:13,807] INFO [Partition __consumer_offsets-25 broker=2] No checkpointed highwatermark is found for partition __consumer_offsets-25 (kafka.cluster.Partition)
[2022-12-18 17:38:13,808] INFO [Partition __consumer_offsets-25 broker=2] Log loaded for partition __consumer_offsets-25 with initial high watermark 0 (kafka.cluster.Partition)
[2022-12-18 17:38:13,903] INFO [LogLoader partition=__consumer_offsets-16, dir=/tmp/kafka-logs-2] Loading producer state till offset 0 with message format version 2 (kafka.log.UnifiedLog$)
[2022-12-18 17:38:13,921] INFO Created log for partition __consumer_offsets-16 in /tmp/kafka-logs-2/__consumer_offsets-16 with properties {cleanup.policy=compact, compression.type="producer", segment.bytes=104857600} (kafka.log.LogManager)
[2022-12-18 17:38:13,921] INFO [Partition __consumer_offsets-16 broker=2] No checkpointed highwatermark is found for partition __consumer_offsets-16 (kafka.cluster.Partition)
[2022-12-18 17:38:13,922] INFO [Partition __consumer_offsets-16 broker=2] Log loaded for partition __consumer_offsets-16 with initial high watermark 0 (kafka.cluster.Partition)
[2022-12-18 17:38:13,980] INFO [LogLoader partition=__consumer_offsets-22, dir=/tmp/kafka-logs-2] Loading producer state till offset 0 with message format version 2 (kafka.log.UnifiedLog$)
[2022-12-18 17:38:13,981] INFO Created log for partition __consumer_offsets-22 in /tmp/kafka-logs-2/__consumer_offsets-22 with properties {cleanup.policy=compact, compression.type="producer", segment.bytes=104857600} (kafka.log.LogManager)
[2022-12-18 17:38:13,981] INFO [Partition __consumer_offsets-22 broker=2] No checkpointed highwatermark is found for partition __consumer_offsets-22 (kafka.cluster.Partition)
[2022-12-18 17:38:13,998] INFO [Partition __consumer_offsets-22 broker=2] Log loaded for partition __consumer_offsets-22 with initial high watermark 0 (kafka.cluster.Partition)
[2022-12-18 17:38:14,024] INFO [LogLoader partition=__consumer_offsets-13, dir=/tmp/kafka-logs-2] Loading producer state till offset 0 with message format version 2 (kafka.log.UnifiedLog$)
[2022-12-18 17:38:14,025] INFO Created log for partition __consumer_offsets-13 in /tmp/kafka-logs-2/__consumer_offsets-13 with properties {cleanup.policy=compact, compression.type="producer", segment.bytes=104857600} (kafka.log.LogManager)
[2022-12-18 17:38:14,025] INFO [Partition __consumer_offsets-13 broker=2] No checkpointed highwatermark is found for partition __consumer_offsets-13 (kafka.cluster.Partition)
[2022-12-18 17:38:14,025] INFO [Partition __consumer_offsets-13 broker=2] Log loaded for partition __consumer_offsets-13 with initial high watermark 0 (kafka.cluster.Partition)
[2022-12-18 17:38:14,064] INFO [GroupCoordinator 2]: Elected as the group coordinator for partition 22 in epoch 0 (kafka.coordinator.group.GroupCoordinator)
[2022-12-18 17:38:14,066] INFO [GroupMetadataManager brokerId=2] Scheduling loading of offsets and group metadata from __consumer_offsets-22 for epoch 0 (kafka.coordinator.group.GroupMetadataManager)
[2022-12-18 17:38:14,067] INFO [GroupCoordinator 2]: Elected as the group coordinator for partition 25 in epoch 0 (kafka.coordinator.group.GroupCoordinator)
[2022-12-18 17:38:14,067] INFO [GroupMetadataManager brokerId=2] Scheduling loading of offsets and group metadata from __consumer_offsets-25 for epoch 0 (kafka.coordinator.group.GroupMetadataManager)
[2022-12-18 17:38:14,067] INFO [GroupCoordinator 2]: Elected as the group coordinator for partition 28 in epoch 0 (kafka.coordinator.group.GroupCoordinator)
[2022-12-18 17:38:14,067] INFO [GroupMetadataManager brokerId=2] Scheduling loading of offsets and group metadata from __consumer_offsets-28 for epoch 0 (kafka.coordinator.group.GroupMetadataManager)
[2022-12-18 17:38:14,067] INFO [GroupCoordinator 2]: Elected as the group coordinator for partition 31 in epoch 0 (kafka.coordinator.group.GroupCoordinator)
[2022-12-18 17:38:14,067] INFO [GroupMetadataManager brokerId=2] Scheduling loading of offsets and group metadata from __consumer_offsets-31 for epoch 0 (kafka.coordinator.group.GroupMetadataManager)
[2022-12-18 17:38:14,067] INFO [GroupCoordinator 2]: Elected as the group coordinator for partition 34 in epoch 0 (kafka.coordinator.group.GroupCoordinator)
[2022-12-18 17:38:14,067] INFO [GroupMetadataManager brokerId=2] Scheduling loading of offsets and group metadata from __consumer_offsets-34 for epoch 0 (kafka.coordinator.group.GroupMetadataManager)
[2022-12-18 17:38:14,067] INFO [GroupCoordinator 2]: Elected as the group coordinator for partition 37 in epoch 0 (kafka.coordinator.group.GroupCoordinator)
[2022-12-18 17:38:14,067] INFO [GroupMetadataManager brokerId=2] Scheduling loading of offsets and group metadata from __consumer_offsets-37 for epoch 0 (kafka.coordinator.group.GroupMetadataManager)
[2022-12-18 17:38:14,067] INFO [GroupCoordinator 2]: Elected as the group coordinator for partition 40 in epoch 0 (kafka.coordinator.group.GroupCoordinator)
[2022-12-18 17:38:14,067] INFO [GroupMetadataManager brokerId=2] Scheduling loading of offsets and group metadata from __consumer_offsets-40 for epoch 0 (kafka.coordinator.group.GroupMetadataManager)
[2022-12-18 17:38:14,067] INFO [GroupCoordinator 2]: Elected as the group coordinator for partition 43 in epoch 0 (kafka.coordinator.group.GroupCoordinator)
[2022-12-18 17:38:14,067] INFO [GroupMetadataManager brokerId=2] Scheduling loading of offsets and group metadata from __consumer_offsets-43 for epoch 0 (kafka.coordinator.group.GroupMetadataManager)
[2022-12-18 17:38:14,068] INFO [GroupCoordinator 2]: Elected as the group coordinator for partition 46 in epoch 0 (kafka.coordinator.group.GroupCoordinator)
[2022-12-18 17:38:14,068] INFO [GroupMetadataManager brokerId=2] Scheduling loading of offsets and group metadata from __consumer_offsets-46 for epoch 0 (kafka.coordinator.group.GroupMetadataManager)
[2022-12-18 17:38:14,068] INFO [GroupCoordinator 2]: Elected as the group coordinator for partition 49 in epoch 0 (kafka.coordinator.group.GroupCoordinator)
[2022-12-18 17:38:14,068] INFO [GroupMetadataManager brokerId=2] Scheduling loading of offsets and group metadata from __consumer_offsets-49 for epoch 0 (kafka.coordinator.group.GroupMetadataManager)
[2022-12-18 17:38:14,068] INFO [GroupCoordinator 2]: Elected as the group coordinator for partition 1 in epoch 0 (kafka.coordinator.group.GroupCoordinator)
[2022-12-18 17:38:14,068] INFO [GroupMetadataManager brokerId=2] Scheduling loading of offsets and group metadata from __consumer_offsets-1 for epoch 0 (kafka.coordinator.group.GroupMetadataManager)
[2022-12-18 17:38:14,068] INFO [GroupCoordinator 2]: Elected as the group coordinator for partition 4 in epoch 0 (kafka.coordinator.group.GroupCoordinator)
[2022-12-18 17:38:14,068] INFO [GroupMetadataManager brokerId=2] Scheduling loading of offsets and group metadata from __consumer_offsets-4 for epoch 0 (kafka.coordinator.group.GroupMetadataManager)
[2022-12-18 17:38:14,068] INFO [GroupCoordinator 2]: Elected as the group coordinator for partition 7 in epoch 0 (kafka.coordinator.group.GroupCoordinator)
[2022-12-18 17:38:14,068] INFO [GroupMetadataManager brokerId=2] Scheduling loading of offsets and group metadata from __consumer_offsets-7 for epoch 0 (kafka.coordinator.group.GroupMetadataManager)
[2022-12-18 17:38:14,068] INFO [GroupCoordinator 2]: Elected as the group coordinator for partition 10 in epoch 0 (kafka.coordinator.group.GroupCoordinator)
[2022-12-18 17:38:14,068] INFO [GroupMetadataManager brokerId=2] Scheduling loading of offsets and group metadata from __consumer_offsets-10 for epoch 0 (kafka.coordinator.group.GroupMetadataManager)
[2022-12-18 17:38:14,068] INFO [GroupCoordinator 2]: Elected as the group coordinator for partition 13 in epoch 0 (kafka.coordinator.group.GroupCoordinator)
[2022-12-18 17:38:14,068] INFO [GroupMetadataManager brokerId=2] Scheduling loading of offsets and group metadata from __consumer_offsets-13 for epoch 0 (kafka.coordinator.group.GroupMetadataManager)
[2022-12-18 17:38:14,068] INFO [GroupCoordinator 2]: Elected as the group coordinator for partition 16 in epoch 0 (kafka.coordinator.group.GroupCoordinator)
[2022-12-18 17:38:14,068] INFO [GroupMetadataManager brokerId=2] Scheduling loading of offsets and group metadata from __consumer_offsets-16 for epoch 0 (kafka.coordinator.group.GroupMetadataManager)
[2022-12-18 17:38:14,068] INFO [GroupCoordinator 2]: Elected as the group coordinator for partition 19 in epoch 0 (kafka.coordinator.group.GroupCoordinator)
[2022-12-18 17:38:14,068] INFO [GroupMetadataManager brokerId=2] Scheduling loading of offsets and group metadata from __consumer_offsets-19 for epoch 0 (kafka.coordinator.group.GroupMetadataManager)
[2022-12-18 17:38:14,072] INFO [GroupMetadataManager brokerId=2] Finished loading offsets and group metadata from __consumer_offsets-22 in 5 milliseconds for epoch 0, of which 2 milliseconds was spent in the scheduler. (kafka.coordinator.group.GroupMetadataManager)
[2022-12-18 17:38:14,072] INFO [GroupMetadataManager brokerId=2] Finished loading offsets and group metadata from __consumer_offsets-25 in 5 milliseconds for epoch 0, of which 5 milliseconds was spent in the scheduler. (kafka.coordinator.group.GroupMetadataManager)
[2022-12-18 17:38:14,072] INFO [GroupMetadataManager brokerId=2] Finished loading offsets and group metadata from __consumer_offsets-28 in 5 milliseconds for epoch 0, of which 5 milliseconds was spent in the scheduler. (kafka.coordinator.group.GroupMetadataManager)
[2022-12-18 17:38:14,072] INFO [GroupMetadataManager brokerId=2] Finished loading offsets and group metadata from __consumer_offsets-31 in 5 milliseconds for epoch 0, of which 5 milliseconds was spent in the scheduler. (kafka.coordinator.group.GroupMetadataManager)
[2022-12-18 17:38:14,072] INFO [GroupMetadataManager brokerId=2] Finished loading offsets and group metadata from __consumer_offsets-34 in 5 milliseconds for epoch 0, of which 5 milliseconds was spent in the scheduler. (kafka.coordinator.group.GroupMetadataManager)
[2022-12-18 17:38:14,072] INFO [GroupMetadataManager brokerId=2] Finished loading offsets and group metadata from __consumer_offsets-37 in 5 milliseconds for epoch 0, of which 5 milliseconds was spent in the scheduler. (kafka.coordinator.group.GroupMetadataManager)
[2022-12-18 17:38:14,072] INFO [GroupMetadataManager brokerId=2] Finished loading offsets and group metadata from __consumer_offsets-40 in 5 milliseconds for epoch 0, of which 5 milliseconds was spent in the scheduler. (kafka.coordinator.group.GroupMetadataManager)
[2022-12-18 17:38:14,073] INFO [GroupMetadataManager brokerId=2] Finished loading offsets and group metadata from __consumer_offsets-43 in 6 milliseconds for epoch 0, of which 6 milliseconds was spent in the scheduler. (kafka.coordinator.group.GroupMetadataManager)
[2022-12-18 17:38:14,073] INFO [GroupMetadataManager brokerId=2] Finished loading offsets and group metadata from __consumer_offsets-46 in 5 milliseconds for epoch 0, of which 5 milliseconds was spent in the scheduler. (kafka.coordinator.group.GroupMetadataManager)
[2022-12-18 17:38:14,073] INFO [GroupMetadataManager brokerId=2] Finished loading offsets and group metadata from __consumer_offsets-49 in 5 milliseconds for epoch 0, of which 5 milliseconds was spent in the scheduler. (kafka.coordinator.group.GroupMetadataManager)
[2022-12-18 17:38:14,073] INFO [GroupMetadataManager brokerId=2] Finished loading offsets and group metadata from __consumer_offsets-1 in 5 milliseconds for epoch 0, of which 5 milliseconds was spent in the scheduler. (kafka.coordinator.group.GroupMetadataManager)
[2022-12-18 17:38:14,073] INFO [GroupMetadataManager brokerId=2] Finished loading offsets and group metadata from __consumer_offsets-4 in 5 milliseconds for epoch 0, of which 5 milliseconds was spent in the scheduler. (kafka.coordinator.group.GroupMetadataManager)
[2022-12-18 17:38:14,073] INFO [GroupMetadataManager brokerId=2] Finished loading offsets and group metadata from __consumer_offsets-7 in 5 milliseconds for epoch 0, of which 5 milliseconds was spent in the scheduler. (kafka.coordinator.group.GroupMetadataManager)
[2022-12-18 17:38:14,073] INFO [GroupMetadataManager brokerId=2] Finished loading offsets and group metadata from __consumer_offsets-10 in 5 milliseconds for epoch 0, of which 5 milliseconds was spent in the scheduler. (kafka.coordinator.group.GroupMetadataManager)
[2022-12-18 17:38:14,073] INFO [GroupMetadataManager brokerId=2] Finished loading offsets and group metadata from __consumer_offsets-13 in 5 milliseconds for epoch 0, of which 5 milliseconds was spent in the scheduler. (kafka.coordinator.group.GroupMetadataManager)
[2022-12-18 17:38:14,073] INFO [GroupMetadataManager brokerId=2] Finished loading offsets and group metadata from __consumer_offsets-16 in 5 milliseconds for epoch 0, of which 5 milliseconds was spent in the scheduler. (kafka.coordinator.group.GroupMetadataManager)
[2022-12-18 17:38:14,073] INFO [GroupMetadataManager brokerId=2] Finished loading offsets and group metadata from __consumer_offsets-19 in 5 milliseconds for epoch 0, of which 5 milliseconds was spent in the scheduler. (kafka.coordinator.group.GroupMetadataManager)
