[2022-12-18 17:38:12,092] INFO [Broker id=2] Handling LeaderAndIsr request correlationId 13 from controller 0 for 17 partitions (state.change.logger)
[2022-12-18 17:38:12,129] INFO [Broker id=2] Stopped fetchers as part of LeaderAndIsr request correlationId 13 from controller 0 epoch 7 as part of the become-leader transition for 17 partitions (state.change.logger)
[2022-12-18 17:38:12,261] INFO [Broker id=2] Leader __consumer_offsets-10 with topic id Some(Oy_NQi07S6O3JbQtuUnDuA) starts at leader epoch 0 from offset 0 with partition epoch 0, high watermark 0, ISR [2], adding replicas [] and removing replicas []. Previous leader epoch was -1. (state.change.logger)
[2022-12-18 17:38:12,441] INFO [Broker id=2] Leader __consumer_offsets-7 with topic id Some(Oy_NQi07S6O3JbQtuUnDuA) starts at leader epoch 0 from offset 0 with partition epoch 0, high watermark 0, ISR [2], adding replicas [] and removing replicas []. Previous leader epoch was -1. (state.change.logger)
[2022-12-18 17:38:12,550] INFO [Broker id=2] Leader __consumer_offsets-4 with topic id Some(Oy_NQi07S6O3JbQtuUnDuA) starts at leader epoch 0 from offset 0 with partition epoch 0, high watermark 0, ISR [2], adding replicas [] and removing replicas []. Previous leader epoch was -1. (state.change.logger)
[2022-12-18 17:38:12,679] INFO [Broker id=2] Leader __consumer_offsets-1 with topic id Some(Oy_NQi07S6O3JbQtuUnDuA) starts at leader epoch 0 from offset 0 with partition epoch 0, high watermark 0, ISR [2], adding replicas [] and removing replicas []. Previous leader epoch was -1. (state.change.logger)
[2022-12-18 17:38:12,772] INFO [Broker id=2] Leader __consumer_offsets-49 with topic id Some(Oy_NQi07S6O3JbQtuUnDuA) starts at leader epoch 0 from offset 0 with partition epoch 0, high watermark 0, ISR [2], adding replicas [] and removing replicas []. Previous leader epoch was -1. (state.change.logger)
[2022-12-18 17:38:12,898] INFO [Broker id=2] Leader __consumer_offsets-46 with topic id Some(Oy_NQi07S6O3JbQtuUnDuA) starts at leader epoch 0 from offset 0 with partition epoch 0, high watermark 0, ISR [2], adding replicas [] and removing replicas []. Previous leader epoch was -1. (state.change.logger)
[2022-12-18 17:38:13,063] INFO [Broker id=2] Leader __consumer_offsets-43 with topic id Some(Oy_NQi07S6O3JbQtuUnDuA) starts at leader epoch 0 from offset 0 with partition epoch 0, high watermark 0, ISR [2], adding replicas [] and removing replicas []. Previous leader epoch was -1. (state.change.logger)
[2022-12-18 17:38:13,156] INFO [Broker id=2] Leader __consumer_offsets-40 with topic id Some(Oy_NQi07S6O3JbQtuUnDuA) starts at leader epoch 0 from offset 0 with partition epoch 0, high watermark 0, ISR [2], adding replicas [] and removing replicas []. Previous leader epoch was -1. (state.change.logger)
[2022-12-18 17:38:13,265] INFO [Broker id=2] Leader __consumer_offsets-37 with topic id Some(Oy_NQi07S6O3JbQtuUnDuA) starts at leader epoch 0 from offset 0 with partition epoch 0, high watermark 0, ISR [2], adding replicas [] and removing replicas []. Previous leader epoch was -1. (state.change.logger)
[2022-12-18 17:38:13,378] INFO [Broker id=2] Leader __consumer_offsets-34 with topic id Some(Oy_NQi07S6O3JbQtuUnDuA) starts at leader epoch 0 from offset 0 with partition epoch 0, high watermark 0, ISR [2], adding replicas [] and removing replicas []. Previous leader epoch was -1. (state.change.logger)
[2022-12-18 17:38:13,515] INFO [Broker id=2] Leader __consumer_offsets-31 with topic id Some(Oy_NQi07S6O3JbQtuUnDuA) starts at leader epoch 0 from offset 0 with partition epoch 0, high watermark 0, ISR [2], adding replicas [] and removing replicas []. Previous leader epoch was -1. (state.change.logger)
[2022-12-18 17:38:13,610] INFO [Broker id=2] Leader __consumer_offsets-19 with topic id Some(Oy_NQi07S6O3JbQtuUnDuA) starts at leader epoch 0 from offset 0 with partition epoch 0, high watermark 0, ISR [2], adding replicas [] and removing replicas []. Previous leader epoch was -1. (state.change.logger)
[2022-12-18 17:38:13,724] INFO [Broker id=2] Leader __consumer_offsets-28 with topic id Some(Oy_NQi07S6O3JbQtuUnDuA) starts at leader epoch 0 from offset 0 with partition epoch 0, high watermark 0, ISR [2], adding replicas [] and removing replicas []. Previous leader epoch was -1. (state.change.logger)
[2022-12-18 17:38:13,825] INFO [Broker id=2] Leader __consumer_offsets-25 with topic id Some(Oy_NQi07S6O3JbQtuUnDuA) starts at leader epoch 0 from offset 0 with partition epoch 0, high watermark 0, ISR [2], adding replicas [] and removing replicas []. Previous leader epoch was -1. (state.change.logger)
[2022-12-18 17:38:13,922] INFO [Broker id=2] Leader __consumer_offsets-16 with topic id Some(Oy_NQi07S6O3JbQtuUnDuA) starts at leader epoch 0 from offset 0 with partition epoch 0, high watermark 0, ISR [2], adding replicas [] and removing replicas []. Previous leader epoch was -1. (state.change.logger)
[2022-12-18 17:38:13,999] INFO [Broker id=2] Leader __consumer_offsets-22 with topic id Some(Oy_NQi07S6O3JbQtuUnDuA) starts at leader epoch 0 from offset 0 with partition epoch 0, high watermark 0, ISR [2], adding replicas [] and removing replicas []. Previous leader epoch was -1. (state.change.logger)
[2022-12-18 17:38:14,025] INFO [Broker id=2] Leader __consumer_offsets-13 with topic id Some(Oy_NQi07S6O3JbQtuUnDuA) starts at leader epoch 0 from offset 0 with partition epoch 0, high watermark 0, ISR [2], adding replicas [] and removing replicas []. Previous leader epoch was -1. (state.change.logger)
[2022-12-18 17:38:14,068] INFO [Broker id=2] Finished LeaderAndIsr request in 1977ms correlationId 13 from controller 0 for 17 partitions (state.change.logger)
[2022-12-18 17:38:14,071] INFO [Broker id=2] Add 50 partitions and deleted 0 partitions from metadata cache in response to UpdateMetadata request sent by controller 0 epoch 7 with correlation id 14 (state.change.logger)
